This is pdfTeX, Version 3.14159265-2.6-1.40.17 (MiKTeX 2.9.6210 64-bit) (preloaded format=pdflatex 2017.4.19)  23 APR 2017 14:16
entering extended mode
**./title.tex
(title.tex
LaTeX2e <2017/01/01> patch level 1
Babel <3.9r> and hyphenation patterns for 75 language(s) loaded.

! LaTeX Error: Environment titlepage undefined.

See the LaTeX manual or LaTeX Companion for explanation.
Type  H <return>  for immediate help.
 ...                                              
                                                  
l.3 \begin{titlepage}
                     
Your command was ignored.
Type  I <command> <return>  to replace it with another command,
or  <return>  to continue without it.


! LaTeX Error: Missing \begin{document}.

See the LaTeX manual or LaTeX Companion for explanation.
Type  H <return>  for immediate help.
 ...                                              
                                                  
l.5 	{\fontsize{12pt}{5cm}\selectfont \bfseries –
                                                 ú–∏–Ω–∏—Å—Ç–µ—Ä—Å—Ç–≤–æ –æ–...

You're in trouble here.  Try typing  <return>  to proceed.
If that doesn't work, type  X <return>  to quit.

Missing character: There is no – in font cmbx12!
Missing character: There is no ú in font cmbx12!
Missing character: There is no – in font cmbx12!
Missing character: There is no ∏ in font cmbx12!
Missing character: There is no – in font cmbx12!
Missing character: There is no Ω in font cmbx12!
Missing character: There is no – in font cmbx12!
Missing character: There is no ∏ in font cmbx12!
Missing character: There is no — in font cmbx12!
Missing character: There is no Å in font cmbx12!
Missing character: There is no — in font cmbx12!
Missing character: There is no Ç in font cmbx12!
Missing character: There is no – in font cmbx12!
Missing character: There is no µ in font cmbx12!
Missing character: There is no — in font cmbx12!
Missing character: There is no Ä in font cmbx12!
Missing character: There is no — in font cmbx12!
Missing character: There is no Å in font cmbx12!
Missing character: There is no — in font cmbx12!
Missing character: There is no Ç in font cmbx12!
Missing character: There is no – in font cmbx12!
Missing character: There is no ≤ in font cmbx12!
Missing character: There is no – in font cmbx12!
Missing character: There is no æ in font cmbx12!
Missing character: There is no – in font cmbx12!
Missing character: There is no æ in font cmbx12!
Missing character: There is no – in font cmbx12!
Missing character: There is no ± in font cmbx12!
Missing character: There is no — in font cmbx12!
Missing character: There is no Ä in font cmbx12!
Missing character: There is no – in font cmbx12!
Missing character: There is no ∞ in font cmbx12!
Missing character: There is no – in font cmbx12!
Missing character: There is no ∑ in font cmbx12!
Missing character: There is no – in font cmbx12!
Missing character: There is no æ in font cmbx12!
Missing character: There is no – in font cmbx12!
Missing character: There is no ≤ in font cmbx12!
Missing character: There is no – in font cmbx12!
Missing character: There is no ∞ in font cmbx12!
Missing character: There is no – in font cmbx12!
Missing character: There is no Ω in font cmbx12!
Missing character: There is no – in font cmbx12!
Missing character: There is no ∏ in font cmbx12!
Missing character: There is no — in font cmbx12!
Missing character: There is no è in font cmbx12!
Missing character: There is no – in font cmbx12!
Missing character: There is no ∏ in font cmbx12!
Missing character: There is no – in font cmbx12!
Missing character: There is no Ω in font cmbx12!
Missing character: There is no – in font cmbx12!
Missing character: There is no ∞ in font cmbx12!
Missing character: There is no — in font cmbx12!
Missing character: There is no É in font cmbx12!
Missing character: There is no – in font cmbx12!
Missing character: There is no ∫ in font cmbx12!
Missing character: There is no – in font cmbx12!
Missing character: There is no ∏ in font cmbx12!
Missing character: There is no – in font cmbx12!
Missing character: There is no † in font cmbx12!
Missing character: There is no – in font cmbx12!
Missing character: There is no æ in font cmbx12!
Missing character: There is no — in font cmbx12!
Missing character: There is no Å in font cmbx12!
Missing character: There is no — in font cmbx12!
Missing character: There is no Å in font cmbx12!
Missing character: There is no – in font cmbx12!
Missing character: There is no ∏ in font cmbx12!
Missing character: There is no – in font cmbx12!
Missing character: There is no π in font cmbx12!
Missing character: There is no — in font cmbx12!
Missing character: There is no Å in font cmbx12!
Missing character: There is no – in font cmbx12!
Missing character: There is no ∫ in font cmbx12!
Missing character: There is no – in font cmbx12!
Missing character: There is no æ in font cmbx12!
Missing character: There is no – in font cmbx12!
Missing character: There is no π in font cmbx12!
Missing character: There is no – in font cmbx12!
Missing character: There is no § in font cmbx12!
Missing character: There is no – in font cmbx12!
Missing character: There is no µ in font cmbx12!
Missing character: There is no – in font cmbx12!
Missing character: There is no ¥ in font cmbx12!
Missing character: There is no – in font cmbx12!
Missing character: There is no µ in font cmbx12!
Missing character: There is no — in font cmbx12!
Missing character: There is no Ä in font cmbx12!
Missing character: There is no – in font cmbx12!
Missing character: There is no ∞ in font cmbx12!
Missing character: There is no — in font cmbx12!
Missing character: There is no Ü in font cmbx12!
Missing character: There is no – in font cmbx12!
Missing character: There is no ∏ in font cmbx12!
Missing character: There is no – in font cmbx12!
Missing character: There is no ∏ in font cmbx12!

! LaTeX Error: Missing \begin{document}.

See the LaTeX manual or LaTeX Companion for explanation.
Type  H <return>  for immediate help.
 ...                                              
                                                  
l.6 	{\fontsize{7pt}{5cm}\selectfont –
                                      §–ï–î–ï–†–ê–õ–¨–ù–û–ï –ì–û–°–£–î–ê–†–°...

You're in trouble here.  Try typing  <return>  to proceed.
If that doesn't work, type  X <return>  to quit.

Missing character: There is no – in font cmr7!
Missing character: There is no § in font cmr7!
Missing character: There is no – in font cmr7!
Missing character: There is no ï in font cmr7!
Missing character: There is no – in font cmr7!
Missing character: There is no î in font cmr7!
Missing character: There is no – in font cmr7!
Missing character: There is no ï in font cmr7!
Missing character: There is no – in font cmr7!
Missing character: There is no † in font cmr7!
Missing character: There is no – in font cmr7!
Missing character: There is no ê in font cmr7!
Missing character: There is no – in font cmr7!
Missing character: There is no õ in font cmr7!
Missing character: There is no – in font cmr7!
Missing character: There is no ¨ in font cmr7!
Missing character: There is no – in font cmr7!
Missing character: There is no ù in font cmr7!
Missing character: There is no – in font cmr7!
Missing character: There is no û in font cmr7!
Missing character: There is no – in font cmr7!
Missing character: There is no ï in font cmr7!
Missing character: There is no – in font cmr7!
Missing character: There is no ì in font cmr7!
Missing character: There is no – in font cmr7!
Missing character: There is no û in font cmr7!
Missing character: There is no – in font cmr7!
Missing character: There is no ° in font cmr7!
Missing character: There is no – in font cmr7!
Missing character: There is no £ in font cmr7!
Missing character: There is no – in font cmr7!
Missing character: There is no î in font cmr7!
Missing character: There is no – in font cmr7!
Missing character: There is no ê in font cmr7!
Missing character: There is no – in font cmr7!
Missing character: There is no † in font cmr7!
Missing character: There is no – in font cmr7!
Missing character: There is no ° in font cmr7!
Missing character: There is no – in font cmr7!
Missing character: There is no ¢ in font cmr7!
Missing character: There is no – in font cmr7!
Missing character: There is no í in font cmr7!
Missing character: There is no – in font cmr7!
Missing character: There is no ï in font cmr7!
Missing character: There is no – in font cmr7!
Missing character: There is no ù in font cmr7!
Missing character: There is no – in font cmr7!
Missing character: There is no ù in font cmr7!
Missing character: There is no – in font cmr7!
Missing character: There is no û in font cmr7!
Missing character: There is no – in font cmr7!
Missing character: There is no ï in font cmr7!
Missing character: There is no – in font cmr7!
Missing character: There is no ê in font cmr7!
Missing character: There is no – in font cmr7!
Missing character: There is no í in font cmr7!
Missing character: There is no – in font cmr7!
Missing character: There is no ¢ in font cmr7!
Missing character: There is no – in font cmr7!
Missing character: There is no û in font cmr7!
Missing character: There is no – in font cmr7!
Missing character: There is no ù in font cmr7!
Missing character: There is no – in font cmr7!
Missing character: There is no û in font cmr7!
Missing character: There is no – in font cmr7!
Missing character: There is no ú in font cmr7!
Missing character: There is no – in font cmr7!
Missing character: There is no ù in font cmr7!
Missing character: There is no – in font cmr7!
Missing character: There is no û in font cmr7!
Missing character: There is no – in font cmr7!
Missing character: There is no ï in font cmr7!
Missing character: There is no – in font cmr7!
Missing character: There is no û in font cmr7!
Missing character: There is no – in font cmr7!
Missing character: There is no ë in font cmr7!
Missing character: There is no – in font cmr7!
Missing character: There is no † in font cmr7!
Missing character: There is no – in font cmr7!
Missing character: There is no ê in font cmr7!
Missing character: There is no – in font cmr7!
Missing character: There is no ó in font cmr7!
Missing character: There is no – in font cmr7!
Missing character: There is no û in font cmr7!
Missing character: There is no – in font cmr7!
Missing character: There is no í in font cmr7!
Missing character: There is no – in font cmr7!
Missing character: There is no ê in font cmr7!
Missing character: There is no – in font cmr7!
Missing character: There is no ¢ in font cmr7!
Missing character: There is no – in font cmr7!
Missing character: There is no ï in font cmr7!
Missing character: There is no – in font cmr7!
Missing character: There is no õ in font cmr7!
Missing character: There is no – in font cmr7!
Missing character: There is no ¨ in font cmr7!
Missing character: There is no – in font cmr7!
Missing character: There is no ù in font cmr7!
Missing character: There is no – in font cmr7!
Missing character: There is no û in font cmr7!
Missing character: There is no – in font cmr7!
Missing character: There is no ï in font cmr7!
Missing character: There is no – in font cmr7!
Missing character: There is no £ in font cmr7!
Missing character: There is no – in font cmr7!
Missing character: There is no ß in font cmr7!
Missing character: There is no – in font cmr7!
Missing character: There is no † in font cmr7!
Missing character: There is no – in font cmr7!
Missing character: There is no ï in font cmr7!
Missing character: There is no – in font cmr7!
Missing character: There is no ñ in font cmr7!
Missing character: There is no – in font cmr7!
Missing character: There is no î in font cmr7!
Missing character: There is no – in font cmr7!
Missing character: There is no ï in font cmr7!
Missing character: There is no – in font cmr7!
Missing character: There is no ù in font cmr7!
Missing character: There is no – in font cmr7!
Missing character: There is no ò in font cmr7!
Missing character: There is no – in font cmr7!
Missing character: There is no ï in font cmr7!
Missing character: There is no – in font cmr7!
Missing character: There is no í in font cmr7!
Missing character: There is no – in font cmr7!
Missing character: There is no ´ in font cmr7!
Missing character: There is no – in font cmr7!
Missing character: There is no ° in font cmr7!
Missing character: There is no – in font cmr7!
Missing character: There is no ® in font cmr7!
Missing character: There is no – in font cmr7!
Missing character: There is no ï in font cmr7!
Missing character: There is no – in font cmr7!
Missing character: There is no ì in font cmr7!
Missing character: There is no – in font cmr7!
Missing character: There is no û in font cmr7!
Missing character: There is no – in font cmr7!
Missing character: There is no ü in font cmr7!
Missing character: There is no – in font cmr7!
Missing character: There is no † in font cmr7!
Missing character: There is no – in font cmr7!
Missing character: There is no û in font cmr7!
Missing character: There is no – in font cmr7!
Missing character: There is no § in font cmr7!
Missing character: There is no – in font cmr7!
Missing character: There is no ï in font cmr7!
Missing character: There is no – in font cmr7!
Missing character: There is no ° in font cmr7!
Missing character: There is no – in font cmr7!
Missing character: There is no ° in font cmr7!
Missing character: There is no – in font cmr7!
Missing character: There is no ò in font cmr7!
Missing character: There is no – in font cmr7!
Missing character: There is no û in font cmr7!
Missing character: There is no – in font cmr7!
Missing character: There is no ù in font cmr7!
Missing character: There is no – in font cmr7!
Missing character: There is no ê in font cmr7!
Missing character: There is no – in font cmr7!
Missing character: There is no õ in font cmr7!
Missing character: There is no – in font cmr7!
Missing character: There is no ¨ in font cmr7!
Missing character: There is no – in font cmr7!
Missing character: There is no ù in font cmr7!
Missing character: There is no – in font cmr7!
Missing character: There is no û in font cmr7!
Missing character: There is no – in font cmr7!
Missing character: There is no ì in font cmr7!
Missing character: There is no – in font cmr7!
Missing character: There is no û in font cmr7!
Missing character: There is no – in font cmr7!
Missing character: There is no û in font cmr7!
Missing character: There is no – in font cmr7!
Missing character: There is no ë in font cmr7!
Missing character: There is no – in font cmr7!
Missing character: There is no † in font cmr7!
Missing character: There is no – in font cmr7!
Missing character: There is no ê in font cmr7!
Missing character: There is no – in font cmr7!
Missing character: There is no ó in font cmr7!
Missing character: There is no – in font cmr7!
Missing character: There is no û in font cmr7!
Missing character: There is no – in font cmr7!
Missing character: There is no í in font cmr7!
Missing character: There is no – in font cmr7!
Missing character: There is no ê in font cmr7!
Missing character: There is no – in font cmr7!
Missing character: There is no ù in font cmr7!
Missing character: There is no – in font cmr7!
Missing character: There is no ò in font cmr7!
Missing character: There is no – in font cmr7!
Missing character: There is no Ø in font cmr7!

! LaTeX Error: Missing \begin{document}.

See the LaTeX manual or LaTeX Companion for explanation.
Type  H <return>  for immediate help.
 ...                                              
                                                  
l.8 	{\fontsize{12pt}{5cm}\selectfont \bfseries –
                                                 °–ê–ù–ö–¢-–ü–ï–¢–ï–†–ë–£–†–...

You're in trouble here.  Try typing  <return>  to proceed.
If that doesn't work, type  X <return>  to quit.

Missing character: There is no – in font cmbx12!
Missing character: There is no ° in font cmbx12!
Missing character: There is no – in font cmbx12!
Missing character: There is no ê in font cmbx12!
Missing character: There is no – in font cmbx12!
Missing character: There is no ù in font cmbx12!
Missing character: There is no – in font cmbx12!
Missing character: There is no ö in font cmbx12!
Missing character: There is no – in font cmbx12!
Missing character: There is no ¢ in font cmbx12!
Missing character: There is no – in font cmbx12!
Missing character: There is no ü in font cmbx12!
Missing character: There is no – in font cmbx12!
Missing character: There is no ï in font cmbx12!
Missing character: There is no – in font cmbx12!
Missing character: There is no ¢ in font cmbx12!
Missing character: There is no – in font cmbx12!
Missing character: There is no ï in font cmbx12!
Missing character: There is no – in font cmbx12!
Missing character: There is no † in font cmbx12!
Missing character: There is no – in font cmbx12!
Missing character: There is no ë in font cmbx12!
Missing character: There is no – in font cmbx12!
Missing character: There is no £ in font cmbx12!
Missing character: There is no – in font cmbx12!
Missing character: There is no † in font cmbx12!
Missing character: There is no – in font cmbx12!
Missing character: There is no ì in font cmbx12!
Missing character: There is no – in font cmbx12!
Missing character: There is no ° in font cmbx12!
Missing character: There is no – in font cmbx12!
Missing character: There is no ö in font cmbx12!
Missing character: There is no – in font cmbx12!
Missing character: There is no ò in font cmbx12!
Missing character: There is no – in font cmbx12!
Missing character: There is no ô in font cmbx12!
Missing character: There is no – in font cmbx12!
Missing character: There is no £ in font cmbx12!
Missing character: There is no – in font cmbx12!
Missing character: There is no ù in font cmbx12!
Missing character: There is no – in font cmbx12!
Missing character: There is no ò in font cmbx12!
Missing character: There is no – in font cmbx12!
Missing character: There is no í in font cmbx12!
Missing character: There is no – in font cmbx12!
Missing character: There is no ï in font cmbx12!
Missing character: There is no – in font cmbx12!
Missing character: There is no † in font cmbx12!
Missing character: There is no – in font cmbx12!
Missing character: There is no ° in font cmbx12!
Missing character: There is no – in font cmbx12!
Missing character: There is no ò in font cmbx12!
Missing character: There is no – in font cmbx12!
Missing character: There is no ¢ in font cmbx12!
Missing character: There is no – in font cmbx12!
Missing character: There is no ï in font cmbx12!
Missing character: There is no – in font cmbx12!
Missing character: There is no ¢ in font cmbx12!
Missing character: There is no – in font cmbx12!
Missing character: There is no ò in font cmbx12!
Missing character: There is no – in font cmbx12!
Missing character: There is no ù in font cmbx12!
Missing character: There is no – in font cmbx12!
Missing character: There is no § in font cmbx12!
Missing character: There is no – in font cmbx12!
Missing character: There is no û in font cmbx12!
Missing character: There is no – in font cmbx12!
Missing character: There is no † in font cmbx12!
Missing character: There is no – in font cmbx12!
Missing character: There is no ú in font cmbx12!
Missing character: There is no – in font cmbx12!
Missing character: There is no ê in font cmbx12!
Missing character: There is no – in font cmbx12!
Missing character: There is no ¶ in font cmbx12!
Missing character: There is no – in font cmbx12!
Missing character: There is no ò in font cmbx12!
Missing character: There is no – in font cmbx12!
Missing character: There is no û in font cmbx12!
Missing character: There is no – in font cmbx12!
Missing character: There is no ù in font cmbx12!
Missing character: There is no – in font cmbx12!
Missing character: There is no ù in font cmbx12!
Missing character: There is no – in font cmbx12!
Missing character: There is no ´ in font cmbx12!
Missing character: There is no – in font cmbx12!
Missing character: There is no • in font cmbx12!
Missing character: There is no – in font cmbx12!
Missing character: There is no ¢ in font cmbx12!
Missing character: There is no – in font cmbx12!
Missing character: There is no ï in font cmbx12!
Missing character: There is no – in font cmbx12!
Missing character: There is no • in font cmbx12!
Missing character: There is no – in font cmbx12!
Missing character: There is no ù in font cmbx12!
Missing character: There is no – in font cmbx12!
Missing character: There is no û in font cmbx12!
Missing character: There is no – in font cmbx12!
Missing character: There is no õ in font cmbx12!
Missing character: There is no – in font cmbx12!
Missing character: There is no û in font cmbx12!
Missing character: There is no – in font cmbx12!
Missing character: There is no ì in font cmbx12!
Missing character: There is no – in font cmbx12!
Missing character: There is no ò in font cmbx12!
Missing character: There is no – in font cmbx12!
Missing character: There is no ô in font cmbx12!
Missing character: There is no – in font cmbx12!
Missing character: There is no ú in font cmbx12!
Missing character: There is no – in font cmbx12!
Missing character: There is no ï in font cmbx12!
Missing character: There is no – in font cmbx12!
Missing character: There is no • in font cmbx12!
Missing character: There is no – in font cmbx12!
Missing character: There is no ê in font cmbx12!
Missing character: There is no – in font cmbx12!
Missing character: There is no ù in font cmbx12!
Missing character: There is no – in font cmbx12!
Missing character: There is no ò in font cmbx12!
Missing character: There is no – in font cmbx12!
Missing character: There is no ö in font cmbx12!
Missing character: There is no – in font cmbx12!
Missing character: There is no ò in font cmbx12!
Missing character: There is no – in font cmbx12!
Missing character: There is no ò in font cmbx12!
Missing character: There is no – in font cmbx12!
Missing character: There is no û in font cmbx12!
Missing character: There is no – in font cmbx12!
Missing character: There is no ü in font cmbx12!
Missing character: There is no – in font cmbx12!
Missing character: There is no ¢ in font cmbx12!
Missing character: There is no – in font cmbx12!
Missing character: There is no ò in font cmbx12!
Missing character: There is no – in font cmbx12!
Missing character: There is no ö in font cmbx12!
Missing character: There is no – in font cmbx12!
Missing character: There is no ò in font cmbx12!

Overfull \hbox (4.5pt too wide) in paragraph at lines 8--8
 []\OT1/cmr/bx/n/12 - 
 []


Overfull \hbox (3.75pt too wide) in paragraph at lines 8--8
 \OT1/cmr/bx/n/12 , 
 []


! LaTeX Error: Missing \begin{document}.

See the LaTeX manual or LaTeX Companion for explanation.
Type  H <return>  for immediate help.
 ...                                              
                                                  
l.10 	{\fontsize{14pt}{5cm}\selectfont –
                                        ö–∞—Ñ–µ–¥—Ä–∞ \hspace{1cm} \underlin...

You're in trouble here.  Try typing  <return>  to proceed.
If that doesn't work, type  X <return>  to quit.

Missing character: There is no – in font cmr12!
Missing character: There is no ö in font cmr12!
Missing character: There is no – in font cmr12!
Missing character: There is no ∞ in font cmr12!
Missing character: There is no — in font cmr12!
Missing character: There is no Ñ in font cmr12!
Missing character: There is no – in font cmr12!
Missing character: There is no µ in font cmr12!
Missing character: There is no – in font cmr12!
Missing character: There is no ¥ in font cmr12!
Missing character: There is no — in font cmr12!
Missing character: There is no Ä in font cmr12!
Missing character: There is no – in font cmr12!
Missing character: There is no ∞ in font cmr12!
LaTeX Font Info:    Calculating math sizes for size <14> on input line 10.
LaTeX Font Info:    External font `cmex10' loaded for size
(Font)              <14> on input line 10.
LaTeX Font Info:    External font `cmex10' loaded for size
(Font)              <9.79996> on input line 10.
LaTeX Font Info:    External font `cmex10' loaded for size
(Font)              <7> on input line 10.
Missing character: There is no – in font cmr12!
Missing character: There is no ° in font cmr12!
Missing character: There is no – in font cmr12!
Missing character: There is no ∏ in font cmr12!
Missing character: There is no — in font cmr12!
Missing character: There is no Å in font cmr12!
Missing character: There is no — in font cmr12!
Missing character: There is no Ç in font cmr12!
Missing character: There is no – in font cmr12!
Missing character: There is no µ in font cmr12!
Missing character: There is no – in font cmr12!
Missing character: There is no º in font cmr12!
Missing character: There is no – in font cmr12!
Missing character: There is no £ in font cmr12!
Missing character: There is no – in font cmr12!
Missing character: There is no ø in font cmr12!
Missing character: There is no — in font cmr12!
Missing character: There is no Ä in font cmr12!
Missing character: There is no – in font cmr12!
Missing character: There is no ∞ in font cmr12!
Missing character: There is no – in font cmr12!
Missing character: There is no ≤ in font cmr12!
Missing character: There is no – in font cmr12!
Missing character: There is no ª in font cmr12!
Missing character: There is no – in font cmr12!
Missing character: There is no µ in font cmr12!
Missing character: There is no – in font cmr12!
Missing character: There is no Ω in font cmr12!
Missing character: There is no – in font cmr12!
Missing character: There is no ∏ in font cmr12!
Missing character: There is no — in font cmr12!
Missing character: There is no è in font cmr12!
Missing character: There is no – in font cmr12!
Missing character: There is no ∏ in font cmr12!
Missing character: There is no – in font cmr12!
Missing character: There is no ò in font cmr12!
Missing character: There is no – in font cmr12!
Missing character: There is no Ω in font cmr12!
Missing character: There is no — in font cmr12!
Missing character: There is no Ñ in font cmr12!
Missing character: There is no – in font cmr12!
Missing character: There is no æ in font cmr12!
Missing character: There is no — in font cmr12!
Missing character: There is no Ä in font cmr12!
Missing character: There is no – in font cmr12!
Missing character: There is no º in font cmr12!
Missing character: There is no – in font cmr12!
Missing character: There is no ∞ in font cmr12!
Missing character: There is no — in font cmr12!
Missing character: There is no Ç in font cmr12!
Missing character: There is no – in font cmr12!
Missing character: There is no ∏ in font cmr12!
Missing character: There is no – in font cmr12!
Missing character: There is no ∫ in font cmr12!
Missing character: There is no – in font cmr12!
Missing character: There is no ∏ in font cmr12!
Missing character: There is no – in font cmr12!
Missing character: There is no ì in font cmr12!
Missing character: There is no — in font cmr12!
Missing character: There is no Ä in font cmr12!
Missing character: There is no — in font cmr12!
Missing character: There is no É in font cmr12!
Missing character: There is no – in font cmr12!
Missing character: There is no ø in font cmr12!
Missing character: There is no – in font cmr12!
Missing character: There is no ø in font cmr12!
Missing character: There is no – in font cmr12!
Missing character: There is no ∞ in font cmr12!
Missing character: There is no – in font cmr12!
Missing character: There is no † in font cmr12!

Overfull \hbox (14.09981pt too wide) in paragraph at lines 10--10
 []$ 
 []


Overfull \hbox (28.19965pt too wide) in paragraph at lines 10--10
 []$ 
 []


LaTeX Font Warning: Font shape `OT1/cmr/m/n' in size <20> not available
(Font)              size <20.74> substituted on input line 13.


LaTeX Font Warning: Font shape `OT1/cmr/bx/n' in size <20> not available
(Font)              size <20.74> substituted on input line 13.


! LaTeX Error: Missing \begin{document}.

See the LaTeX manual or LaTeX Companion for explanation.
Type  H <return>  for immediate help.
 ...                                              
                                                  
l.13 	{\fontsize{20pt}{5cm}\selectfont \bfseries –
                                                  õ–∞–±–æ—Ä–∞—Ç–æ—Ä–Ω–∞—è —Ä...

You're in trouble here.  Try typing  <return>  to proceed.
If that doesn't work, type  X <return>  to quit.

Missing character: There is no – in font cmbx12!
Missing character: There is no õ in font cmbx12!
Missing character: There is no – in font cmbx12!
Missing character: There is no ∞ in font cmbx12!
Missing character: There is no – in font cmbx12!
Missing character: There is no ± in font cmbx12!
Missing character: There is no – in font cmbx12!
Missing character: There is no æ in font cmbx12!
Missing character: There is no — in font cmbx12!
Missing character: There is no Ä in font cmbx12!
Missing character: There is no – in font cmbx12!
Missing character: There is no ∞ in font cmbx12!
Missing character: There is no — in font cmbx12!
Missing character: There is no Ç in font cmbx12!
Missing character: There is no – in font cmbx12!
Missing character: There is no æ in font cmbx12!
Missing character: There is no — in font cmbx12!
Missing character: There is no Ä in font cmbx12!
Missing character: There is no – in font cmbx12!
Missing character: There is no Ω in font cmbx12!
Missing character: There is no – in font cmbx12!
Missing character: There is no ∞ in font cmbx12!
Missing character: There is no — in font cmbx12!
Missing character: There is no è in font cmbx12!
Missing character: There is no — in font cmbx12!
Missing character: There is no Ä in font cmbx12!
Missing character: There is no – in font cmbx12!
Missing character: There is no ∞ in font cmbx12!
Missing character: There is no – in font cmbx12!
Missing character: There is no ± in font cmbx12!
Missing character: There is no – in font cmbx12!
Missing character: There is no æ in font cmbx12!
Missing character: There is no — in font cmbx12!
Missing character: There is no Ç in font cmbx12!
Missing character: There is no – in font cmbx12!
Missing character: There is no ∞ in font cmbx12!
Missing character: There is no ‚ in font cmbx12!
Missing character: There is no Ñ in font cmbx12!
Missing character: There is no ñ in font cmbx12!

Overfull \hbox (23.33249pt too wide) in paragraph at lines 13--13
 \OT1/cmr/bx/n/20.74 10 
 []


! LaTeX Error: Missing \begin{document}.

See the LaTeX manual or LaTeX Companion for explanation.
Type  H <return>  for immediate help.
 ...                                              
                                                  
l.14 	{\fontsize{20pt}{5cm}\selectfont \bfseries ‚
                                                  Äú–ò—Å—Å–ª–µ–¥–æ–≤–∞–Ω–∏–µ...

You're in trouble here.  Try typing  <return>  to proceed.
If that doesn't work, type  X <return>  to quit.

Missing character: There is no ‚ in font cmbx12!
Missing character: There is no Ä in font cmbx12!
Missing character: There is no ú in font cmbx12!
Missing character: There is no – in font cmbx12!
Missing character: There is no ò in font cmbx12!
Missing character: There is no — in font cmbx12!
Missing character: There is no Å in font cmbx12!
Missing character: There is no — in font cmbx12!
Missing character: There is no Å in font cmbx12!
Missing character: There is no – in font cmbx12!
Missing character: There is no ª in font cmbx12!
Missing character: There is no – in font cmbx12!
Missing character: There is no µ in font cmbx12!
Missing character: There is no – in font cmbx12!
Missing character: There is no ¥ in font cmbx12!
Missing character: There is no – in font cmbx12!
Missing character: There is no æ in font cmbx12!
Missing character: There is no – in font cmbx12!
Missing character: There is no ≤ in font cmbx12!
Missing character: There is no – in font cmbx12!
Missing character: There is no ∞ in font cmbx12!
Missing character: There is no – in font cmbx12!
Missing character: There is no Ω in font cmbx12!
Missing character: There is no – in font cmbx12!
Missing character: There is no ∏ in font cmbx12!
Missing character: There is no – in font cmbx12!
Missing character: There is no µ in font cmbx12!
Missing character: There is no – in font cmbx12!
Missing character: There is no º in font cmbx12!
Missing character: There is no – in font cmbx12!
Missing character: There is no ∞ in font cmbx12!
Missing character: There is no — in font cmbx12!
Missing character: There is no Ç in font cmbx12!
Missing character: There is no – in font cmbx12!
Missing character: There is no µ in font cmbx12!
Missing character: There is no – in font cmbx12!
Missing character: There is no º in font cmbx12!
Missing character: There is no – in font cmbx12!
Missing character: There is no ∞ in font cmbx12!
Missing character: There is no — in font cmbx12!
Missing character: There is no Ç in font cmbx12!
Missing character: There is no – in font cmbx12!
Missing character: There is no ∏ in font cmbx12!
Missing character: There is no — in font cmbx12!
Missing character: There is no á in font cmbx12!
Missing character: There is no – in font cmbx12!
Missing character: There is no µ in font cmbx12!
Missing character: There is no — in font cmbx12!
Missing character: There is no Å in font cmbx12!
Missing character: There is no – in font cmbx12!
Missing character: There is no ∫ in font cmbx12!
Missing character: There is no – in font cmbx12!
Missing character: There is no æ in font cmbx12!
Missing character: There is no – in font cmbx12!
Missing character: There is no π in font cmbx12!
Missing character: There is no – in font cmbx12!
Missing character: There is no º in font cmbx12!
Missing character: There is no – in font cmbx12!
Missing character: There is no æ in font cmbx12!
Missing character: There is no – in font cmbx12!
Missing character: There is no ¥ in font cmbx12!
Missing character: There is no – in font cmbx12!
Missing character: There is no µ in font cmbx12!
Missing character: There is no – in font cmbx12!
Missing character: There is no ª in font cmbx12!
Missing character: There is no – in font cmbx12!
Missing character: There is no ∏ in font cmbx12!
Missing character: There is no — in font cmbx12!
Missing character: There is no ç in font cmbx12!
Missing character: There is no – in font cmbx12!
Missing character: There is no ª in font cmbx12!
Missing character: There is no – in font cmbx12!
Missing character: There is no µ in font cmbx12!
Missing character: There is no – in font cmbx12!
Missing character: There is no ∫ in font cmbx12!
Missing character: There is no — in font cmbx12!
Missing character: There is no Ç in font cmbx12!
Missing character: There is no — in font cmbx12!
Missing character: There is no Ä in font cmbx12!
Missing character: There is no – in font cmbx12!
Missing character: There is no æ in font cmbx12!
Missing character: There is no – in font cmbx12!
Missing character: There is no º in font cmbx12!
Missing character: There is no – in font cmbx12!
Missing character: There is no µ in font cmbx12!
Missing character: There is no — in font cmbx12!
Missing character: There is no Ö in font cmbx12!
Missing character: There is no – in font cmbx12!
Missing character: There is no ∞ in font cmbx12!
Missing character: There is no – in font cmbx12!
Missing character: There is no Ω in font cmbx12!
Missing character: There is no – in font cmbx12!
Missing character: There is no ∏ in font cmbx12!
Missing character: There is no — in font cmbx12!
Missing character: There is no á in font cmbx12!
Missing character: There is no – in font cmbx12!
Missing character: There is no µ in font cmbx12!
Missing character: There is no — in font cmbx12!
Missing character: There is no Å in font cmbx12!
Missing character: There is no – in font cmbx12!
Missing character: There is no ∫ in font cmbx12!
Missing character: There is no – in font cmbx12!
Missing character: There is no æ in font cmbx12!
Missing character: There is no – in font cmbx12!
Missing character: There is no ≥ in font cmbx12!
Missing character: There is no – in font cmbx12!
Missing character: There is no æ in font cmbx12!
Missing character: There is no – in font cmbx12!
Missing character: There is no æ in font cmbx12!
Missing character: There is no – in font cmbx12!
Missing character: There is no ± in font cmbx12!
Missing character: There is no — in font cmbx12!
Missing character: There is no ä in font cmbx12!
Missing character: There is no – in font cmbx12!
Missing character: There is no µ in font cmbx12!
Missing character: There is no – in font cmbx12!
Missing character: There is no ∫ in font cmbx12!
Missing character: There is no — in font cmbx12!
Missing character: There is no Ç in font cmbx12!
Missing character: There is no – in font cmbx12!
Missing character: There is no ∞ in font cmbx12!
Missing character: There is no — in font cmbx12!
Missing character: There is no É in font cmbx12!
Missing character: There is no – in font cmbx12!
Missing character: There is no ø in font cmbx12!
Missing character: There is no — in font cmbx12!
Missing character: There is no Ä in font cmbx12!
Missing character: There is no – in font cmbx12!
Missing character: There is no ∞ in font cmbx12!
Missing character: There is no – in font cmbx12!
Missing character: There is no ≤ in font cmbx12!
Missing character: There is no – in font cmbx12!
Missing character: There is no ª in font cmbx12!
Missing character: There is no – in font cmbx12!
Missing character: There is no µ in font cmbx12!
Missing character: There is no – in font cmbx12!
Missing character: There is no Ω in font cmbx12!
Missing character: There is no – in font cmbx12!
Missing character: There is no ∏ in font cmbx12!
Missing character: There is no — in font cmbx12!
Missing character: There is no è in font cmbx12!
Missing character: There is no ‚ in font cmbx12!
Missing character: There is no Ä in font cmbx12!
Missing character: There is no ù in font cmbx12!

! LaTeX Error: Missing \begin{document}.

See the LaTeX manual or LaTeX Companion for explanation.
Type  H <return>  for immediate help.
 ...                                              
                                                  
l.15 	{\fontsize{14pt}{5cm}\selectfont –
                                        í–∞—Ä–∏–∞–Ω—Ç - 2} \\
You're in trouble here.  Try typing  <return>  to proceed.
If that doesn't work, type  X <return>  to quit.

Missing character: There is no – in font cmr12!
Missing character: There is no í in font cmr12!
Missing character: There is no – in font cmr12!
Missing character: There is no ∞ in font cmr12!
Missing character: There is no — in font cmr12!
Missing character: There is no Ä in font cmr12!
Missing character: There is no – in font cmr12!
Missing character: There is no ∏ in font cmr12!
Missing character: There is no – in font cmr12!
Missing character: There is no ∞ in font cmr12!
Missing character: There is no – in font cmr12!
Missing character: There is no Ω in font cmr12!
Missing character: There is no — in font cmr12!
Missing character: There is no Ç in font cmr12!

Overfull \hbox (4.69994pt too wide) in paragraph at lines 15--15
 \OT1/cmr/m/n/14.4 - 
 []


Overfull \hbox (7.04991pt too wide) in paragraph at lines 15--15
 \OT1/cmr/m/n/14.4 2 
 []


! LaTeX Error: Missing \begin{document}.

See the LaTeX manual or LaTeX Companion for explanation.
Type  H <return>  for immediate help.
 ...                                              
                                                  
l.18 	\flushleft
                
You're in trouble here.  Try typing  <return>  to proceed.
If that doesn't work, type  X <return>  to quit.

Missing character: There is no – in font nullfont!
Missing character: There is no í in font nullfont!
Missing character: There is no — in font nullfont!
Missing character: There is no ã in font nullfont!
Missing character: There is no – in font nullfont!
Missing character: There is no ø in font nullfont!
Missing character: There is no – in font nullfont!
Missing character: There is no æ in font nullfont!
Missing character: There is no – in font nullfont!
Missing character: There is no ª in font nullfont!
Missing character: There is no – in font nullfont!
Missing character: There is no Ω in font nullfont!
Missing character: There is no – in font nullfont!
Missing character: There is no ∏ in font nullfont!
Missing character: There is no – in font nullfont!
Missing character: There is no ª in font nullfont!
LaTeX Font Info:    External font `cmex10' loaded for size
(Font)              <5> on input line 20.
Missing character: There is no – in font nullfont!
Missing character: There is no ê in font nullfont!
Missing character: There is no – in font nullfont!
Missing character: There is no ª in font nullfont!
Missing character: There is no — in font nullfont!
Missing character: There is no è in font nullfont!
Missing character: There is no – in font nullfont!
Missing character: There is no ∫ in font nullfont!
Missing character: There is no – in font nullfont!
Missing character: There is no ∏ in font nullfont!
Missing character: There is no – in font nullfont!
Missing character: There is no Ω in font nullfont!
Missing character: There is no – in font nullfont!
Missing character: There is no ° in font nullfont!
Missing character: There is no . in font nullfont!
Missing character: There is no – in font nullfont!
Missing character: There is no ü in font nullfont!
Missing character: There is no . in font nullfont!
! Undefined control sequence.
<recently read> \underset 
                          
l.20 ...ü.}\tline{(—Ñ–∞–º–∏–ª–∏—è, –∏.–æ.)}{6.5cm}
                                                   (–ø–æ–¥–ø–∏—Å—å)} \\
The control sequence at the end of the top line
of your error message was never \def'ed. If you have
misspelled it (e.g., `\hobx'), type `I' and the correct
spelling (e.g., `I\hbox'). Otherwise just continue,
and I'll forget about whatever was undefined.

! Undefined control sequence.
\tline #1#2->$\underset {\text 
                               {#1}}{\text {\underline {\hspace {#2}}}}$
l.20 ...ü.}\tline{(—Ñ–∞–º–∏–ª–∏—è, –∏.–æ.)}{6.5cm}
                                                   (–ø–æ–¥–ø–∏—Å—å)} \\
The control sequence at the end of the top line
of your error message was never \def'ed. If you have
misspelled it (e.g., `\hobx'), type `I' and the correct
spelling (e.g., `I\hbox'). Otherwise just continue,
and I'll forget about whatever was undefined.

! Undefined control sequence.
\tline #1#2->$\underset {\text {#1}}{\text 
                                           {\underline {\hspace {#2}}}}$
l.20 ...ü.}\tline{(—Ñ–∞–º–∏–ª–∏—è, –∏.–æ.)}{6.5cm}
                                                   (–ø–æ–¥–ø–∏—Å—å)} \\
The control sequence at the end of the top line
of your error message was never \def'ed. If you have
misspelled it (e.g., `\hobx'), type `I' and the correct
spelling (e.g., `I\hbox'). Otherwise just continue,
and I'll forget about whatever was undefined.

Missing character: There is no — in font cmr10!
Missing character: There is no Ñ in font cmr10!
Missing character: There is no – in font cmr10!
Missing character: There is no ∞ in font cmr10!
Missing character: There is no – in font cmr10!
Missing character: There is no º in font cmr10!
Missing character: There is no – in font cmr10!
Missing character: There is no ∏ in font cmr10!
Missing character: There is no – in font cmr10!
Missing character: There is no ª in font cmr10!
Missing character: There is no – in font cmr10!
Missing character: There is no ∏ in font cmr10!
Missing character: There is no — in font cmr10!
Missing character: There is no è in font cmr10!
Missing character: There is no – in font cmr10!
Missing character: There is no ∏ in font cmr10!
Missing character: There is no – in font cmr10!
Missing character: There is no æ in font cmr10!
Missing character: There is no ( in font nullfont!
Missing character: There is no – in font nullfont!
Missing character: There is no ø in font nullfont!
Missing character: There is no – in font nullfont!
Missing character: There is no æ in font nullfont!
Missing character: There is no – in font nullfont!
Missing character: There is no ¥ in font nullfont!
Missing character: There is no – in font nullfont!
Missing character: There is no ø in font nullfont!
Missing character: There is no – in font nullfont!
Missing character: There is no ∏ in font nullfont!
Missing character: There is no — in font nullfont!
Missing character: There is no Å in font nullfont!
Missing character: There is no — in font nullfont!
Missing character: There is no å in font nullfont!
Missing character: There is no ) in font nullfont!

Overfull \hbox (202.72069pt too wide) in paragraph at lines 20--20
[]$$[][]$  
 []

Missing character: There is no – in font nullfont!
Missing character: There is no ü in font nullfont!
Missing character: There is no — in font nullfont!
Missing character: There is no Ä in font nullfont!
Missing character: There is no – in font nullfont!
Missing character: There is no æ in font nullfont!
Missing character: There is no – in font nullfont!
Missing character: There is no ≤ in font nullfont!
Missing character: There is no – in font nullfont!
Missing character: There is no µ in font nullfont!
Missing character: There is no — in font nullfont!
Missing character: There is no Ä in font nullfont!
Missing character: There is no – in font nullfont!
Missing character: There is no ∏ in font nullfont!
Missing character: There is no – in font nullfont!
Missing character: There is no ª in font nullfont!
! Undefined control sequence.
<recently read> \underset 
                          
l.23 ...2cm} \tline{(—Ñ–∞–º–∏–ª–∏—è, –∏.–æ.)}{9cm}
                                                   (–ø–æ–¥–ø–∏—Å—å)} \\
The control sequence at the end of the top line
of your error message was never \def'ed. If you have
misspelled it (e.g., `\hobx'), type `I' and the correct
spelling (e.g., `I\hbox'). Otherwise just continue,
and I'll forget about whatever was undefined.

! Undefined control sequence.
\tline #1#2->$\underset {\text 
                               {#1}}{\text {\underline {\hspace {#2}}}}$
l.23 ...2cm} \tline{(—Ñ–∞–º–∏–ª–∏—è, –∏.–æ.)}{9cm}
                                                   (–ø–æ–¥–ø–∏—Å—å)} \\
The control sequence at the end of the top line
of your error message was never \def'ed. If you have
misspelled it (e.g., `\hobx'), type `I' and the correct
spelling (e.g., `I\hbox'). Otherwise just continue,
and I'll forget about whatever was undefined.

! Undefined control sequence.
\tline #1#2->$\underset {\text {#1}}{\text 
                                           {\underline {\hspace {#2}}}}$
l.23 ...2cm} \tline{(—Ñ–∞–º–∏–ª–∏—è, –∏.–æ.)}{9cm}
                                                   (–ø–æ–¥–ø–∏—Å—å)} \\
The control sequence at the end of the top line
of your error message was never \def'ed. If you have
misspelled it (e.g., `\hobx'), type `I' and the correct
spelling (e.g., `I\hbox'). Otherwise just continue,
and I'll forget about whatever was undefined.

Missing character: There is no — in font cmr10!
Missing character: There is no Ñ in font cmr10!
Missing character: There is no – in font cmr10!
Missing character: There is no ∞ in font cmr10!
Missing character: There is no – in font cmr10!
Missing character: There is no º in font cmr10!
Missing character: There is no – in font cmr10!
Missing character: There is no ∏ in font cmr10!
Missing character: There is no – in font cmr10!
Missing character: There is no ª in font cmr10!
Missing character: There is no – in font cmr10!
Missing character: There is no ∏ in font cmr10!
Missing character: There is no — in font cmr10!
Missing character: There is no è in font cmr10!
Missing character: There is no – in font cmr10!
Missing character: There is no ∏ in font cmr10!
Missing character: There is no – in font cmr10!
Missing character: There is no æ in font cmr10!
Missing character: There is no ( in font nullfont!
Missing character: There is no – in font nullfont!
Missing character: There is no ø in font nullfont!
Missing character: There is no – in font nullfont!
Missing character: There is no æ in font nullfont!
Missing character: There is no – in font nullfont!
Missing character: There is no ¥ in font nullfont!
Missing character: There is no – in font nullfont!
Missing character: There is no ø in font nullfont!
Missing character: There is no – in font nullfont!
Missing character: There is no ∏ in font nullfont!
Missing character: There is no — in font nullfont!
Missing character: There is no Å in font nullfont!
Missing character: There is no — in font nullfont!
Missing character: There is no å in font nullfont!
Missing character: There is no ) in font nullfont!

Overfull \hbox (273.85258pt too wide) in paragraph at lines 23--23
[][]$  
 []

Missing character: There is no " in font nullfont!
Missing character: There is no " in font nullfont!
Missing character: There is no 2 in font nullfont!
Missing character: There is no 0 in font nullfont!
Missing character: There is no 1 in font nullfont!
Missing character: There is no 7 in font nullfont!
Missing character: There is no – in font nullfont!
Missing character: There is no ≥ in font nullfont!
Missing character: There is no . in font nullfont!
Missing character: There is no – in font nullfont!
Missing character: There is no ° in font nullfont!
Missing character: There is no – in font nullfont!
Missing character: There is no ∞ in font nullfont!
Missing character: There is no – in font nullfont!
Missing character: There is no Ω in font nullfont!
Missing character: There is no – in font nullfont!
Missing character: There is no ∫ in font nullfont!
Missing character: There is no — in font nullfont!
Missing character: There is no Ç in font nullfont!
Missing character: There is no - in font nullfont!
Missing character: There is no – in font nullfont!
Missing character: There is no ü in font nullfont!
Missing character: There is no – in font nullfont!
Missing character: There is no µ in font nullfont!
Missing character: There is no — in font nullfont!
Missing character: There is no Ç in font nullfont!
Missing character: There is no – in font nullfont!
Missing character: There is no µ in font nullfont!
Missing character: There is no — in font nullfont!
Missing character: There is no Ä in font nullfont!
Missing character: There is no – in font nullfont!
Missing character: There is no ± in font nullfont!
Missing character: There is no — in font nullfont!
Missing character: There is no É in font nullfont!
Missing character: There is no — in font nullfont!
Missing character: There is no Ä in font nullfont!
Missing character: There is no – in font nullfont!
Missing character: There is no ≥ in font nullfont!
Missing character: There is no , in font nullfont!
Missing character: There is no 2 in font nullfont!
Missing character: There is no 0 in font nullfont!
Missing character: There is no 1 in font nullfont!
Missing character: There is no 7 in font nullfont!
Missing character: There is no – in font nullfont!
Missing character: There is no ≥ in font nullfont!
Missing character: There is no . in font nullfont!

Overfull \hbox (19.91684pt too wide) in paragraph at lines 26--26
[]$[]$ 
 []


Overfull \hbox (56.9055pt too wide) in paragraph at lines 26--26
[]$ 
 []

Missing character: There is no – in font nullfont!
Missing character: There is no † in font nullfont!
Missing character: There is no – in font nullfont!
Missing character: There is no ∞ in font nullfont!
Missing character: There is no – in font nullfont!
Missing character: There is no ± in font nullfont!
Missing character: There is no – in font nullfont!
Missing character: There is no æ in font nullfont!
Missing character: There is no — in font nullfont!
Missing character: There is no Ç in font nullfont!
Missing character: There is no – in font nullfont!
Missing character: There is no ∞ in font nullfont!
Missing character: There is no – in font nullfont!
Missing character: There is no ≤ in font nullfont!
Missing character: There is no — in font nullfont!
Missing character: There is no ã in font nullfont!
Missing character: There is no – in font nullfont!
Missing character: There is no ø in font nullfont!
Missing character: There is no – in font nullfont!
Missing character: There is no æ in font nullfont!
Missing character: There is no – in font nullfont!
Missing character: There is no ª in font nullfont!
Missing character: There is no – in font nullfont!
Missing character: There is no Ω in font nullfont!
Missing character: There is no – in font nullfont!
Missing character: There is no µ in font nullfont!
Missing character: There is no – in font nullfont!
Missing character: There is no Ω in font nullfont!
Missing character: There is no – in font nullfont!
Missing character: There is no ∞ in font nullfont!
Missing character: There is no — in font nullfont!
Missing character: There is no Å in font nullfont!
Missing character: There is no – in font nullfont!
Missing character: There is no æ in font nullfont!
Missing character: There is no — in font nullfont!
Missing character: There is no Ü in font nullfont!
Missing character: There is no – in font nullfont!
Missing character: There is no µ in font nullfont!
Missing character: There is no – in font nullfont!
Missing character: There is no Ω in font nullfont!
Missing character: There is no – in font nullfont!
Missing character: There is no ∫ in font nullfont!
Missing character: There is no – in font nullfont!
Missing character: There is no æ in font nullfont!
Missing character: There is no – in font nullfont!
Missing character: There is no π in font nullfont!

Overfull \hbox (227.62204pt too wide) in paragraph at lines 28--28
[]$  
 []

Missing character: There is no – in font nullfont!
Missing character: There is no î in font nullfont!
Missing character: There is no – in font nullfont!
Missing character: There is no ∞ in font nullfont!
Missing character: There is no — in font nullfont!
Missing character: There is no Ç in font nullfont!
Missing character: There is no – in font nullfont!
Missing character: There is no ∞ in font nullfont!
Missing character: There is no – in font nullfont!
Missing character: There is no ∑ in font nullfont!
Missing character: There is no – in font nullfont!
Missing character: There is no ∞ in font nullfont!
Missing character: There is no — in font nullfont!
Missing character: There is no â in font nullfont!
Missing character: There is no – in font nullfont!
Missing character: There is no ∏ in font nullfont!
Missing character: There is no — in font nullfont!
Missing character: There is no Ç in font nullfont!
Missing character: There is no — in font nullfont!
Missing character: There is no ã in font nullfont!
Missing character: There is no " in font nullfont!
Missing character: There is no " in font nullfont!
Missing character: There is no 2 in font nullfont!
Missing character: There is no 0 in font nullfont!
Missing character: There is no 1 in font nullfont!
Missing character: There is no 7 in font nullfont!
Missing character: There is no – in font nullfont!
Missing character: There is no ≥ in font nullfont!
Missing character: There is no . in font nullfont!

Overfull \hbox (19.91684pt too wide) in paragraph at lines 30--31
[]$ 
 []


Overfull \hbox (56.9055pt too wide) in paragraph at lines 30--31
[]$ 
 []


! LaTeX Error: \begin{document} ended by \end{titlepage}.

See the LaTeX manual or LaTeX Companion for explanation.
Type  H <return>  for immediate help.
 ...                                              
                                                  
l.32 \end{titlepage}
                    
Your command was ignored.
Type  I <command> <return>  to replace it with another command,
or  <return>  to continue without it.

)
! Emergency stop.
<*> ./title.tex
               
*** (job aborted, no legal \end found)

 
Here is how much of TeX's memory you used:
 35 strings out of 493333
 449 string characters out of 3139194
 55255 words of memory out of 3000000
 3662 multiletter control sequences out of 15000+200000
 5764 words of font info for 21 fonts, out of 3000000 for 9000
 1141 hyphenation exceptions out of 8191
 21i,4n,13p,264b,136s stack positions out of 5000i,500n,10000p,200000b,50000s
!  ==> Fatal error occurred, no output PDF file produced!
